#
# There is insufficient memory for the Java Runtime Environment to continue.
# Native memory allocation (mmap) failed to map 4294967296 bytes for Failed to commit area from 0x0000000600000000 to 0x0000000700000000 of length 4294967296.
# Possible reasons:
#   The system is out of physical RAM or swap space
#   The process is running with CompressedOops enabled, and the Java Heap may be blocking the growth of the native heap
# Possible solutions:
#   Reduce memory load on the system
#   Increase physical memory or swap space
#   Check if swap backing store is full
#   Decrease Java heap size (-Xmx/-Xms)
#   Decrease number of Java threads
#   Decrease Java thread stack sizes (-Xss)
#   Set larger code cache with -XX:ReservedCodeCacheSize=
# This output file may be truncated or incomplete.
#
#  Out of Memory Error (./src/hotspot/os/windows/os_windows.cpp:3303), pid=15868, tid=24524
#
# JRE version:  (11.0.9.1+11) (build )
# Java VM: OpenJDK 64-Bit Server VM (11.0.9.1+11-b1145.77, mixed mode, sharing, tiered, compressed oops, g1 gc, windows-amd64)
# No core dump will be written. Minidumps are not enabled by default on client versions of Windows
#

---------------  S U M M A R Y ------------

Command Line: -Djava.rmi.server.hostname=127.0.0.1 -Duser.timezone=UTC -Xmx8192m -Xms4096m -Dfile.encoding=UTF-8 com.intellij.database.remote.RemoteJdbcServer oracle.jdbc.OracleDriver

Host: Intel(R) Core(TM) i7-8700 CPU @ 3.20GHz, 12 cores, 15G,  Windows 10 , 64 bit Build 21301 (10.0.21301.1000)
Time: Sun Feb 14 20:36:20 2021 대한민국 표준시 elapsed time: 0.128301 seconds (0d 0h 0m 0s)

---------------  T H R E A D  ---------------

Current thread (0x0000022fc1ece000):  JavaThread "Unknown thread" [_thread_in_vm, id=24524, stack(0x000000ac57e00000,0x000000ac57f00000)]

Stack: [0x000000ac57e00000,0x000000ac57f00000]
Native frames: (J=compiled Java code, j=interpreted, Vv=VM code, C=native code)
V  [jvm.dll+0x5edd9a]
V  [jvm.dll+0x7229c5]
V  [jvm.dll+0x723f1d]
V  [jvm.dll+0x7245d3]
V  [jvm.dll+0x2431b8]
V  [jvm.dll+0x5eb234]
V  [jvm.dll+0x5e0325]
V  [jvm.dll+0x2fe60b]
V  [jvm.dll+0x2fe57a]
V  [jvm.dll+0x2fe452]
V  [jvm.dll+0x303346]
V  [jvm.dll+0x34ba83]
V  [jvm.dll+0x34c186]
V  [jvm.dll+0x34bb83]
V  [jvm.dll+0x2d9218]
V  [jvm.dll+0x2da3c7]
V  [jvm.dll+0x701a67]
V  [jvm.dll+0x70325c]
V  [jvm.dll+0x359049]
V  [jvm.dll+0x6e552e]
V  [jvm.dll+0x3c1353]
V  [jvm.dll+0x3c3571]
C  [jli.dll+0x5373]
C  [ucrtbase.dll+0x26bcc]
C  [KERNEL32.DLL+0x153fe]
C  [ntdll.dll+0x6590b]


---------------  P R O C E S S  ---------------

Threads class SMR info:
_java_thread_list=0x0000022fbfc8cc00, length=0, elements={
}

Java Threads: ( => current thread )

Other Threads:
  0x0000022fc1ee5800 GCTaskThread "GC Thread#0" [stack: 0x000000ac57f00000,0x000000ac58000000] [id=18872]
  0x0000022fc1f65800 ConcurrentGCThread "G1 Main Marker" [stack: 0x000000ac58000000,0x000000ac58100000] [id=24092]
  0x0000022fc1f67000 ConcurrentGCThread "G1 Conc#0" [stack: 0x000000ac58100000,0x000000ac58200000] [id=28404]

[error occurred during error reporting (printing all threads), id 0xc0000005, EXCEPTION_ACCESS_VIOLATION (0xc0000005) at pc=0x00007fff29719807]

VM state:not at safepoint (not fully initialized)

VM Mutex/Monitor currently owned by a thread:  ([mutex/lock_event])
[0x0000022fc1ec7f70] Heap_lock - owner thread: 0x0000022fc1ece000

Heap address: 0x0000000600000000, size: 8192 MB, Compressed Oops mode: Non-zero based: 0x0000000600000000
Narrow klass base: 0x0000000000000000, Narrow klass shift: 0

GC Heap History (0 events):
No events

Deoptimization events (0 events):
No events

Classes redefined (0 events):
No events

Internal exceptions (0 events):
No events

Events (1 events):
Event: 0.030 Loaded shared library C:\Program Files\JetBrains\IntelliJ IDEA 2020.2.2\jbr\bin\zip.dll


Dynamic libraries:
0x00007ff6c7340000 - 0x00007ff6c734a000 	C:\Program Files\JetBrains\IntelliJ IDEA 2020.2.2\jbr\bin\java.exe
0x00007fff79020000 - 0x00007fff79221000 	C:\WINDOWS\SYSTEM32\ntdll.dll
0x00007fff77c00000 - 0x00007fff77cbd000 	C:\WINDOWS\System32\KERNEL32.DLL
0x00007fff768b0000 - 0x00007fff76c16000 	C:\WINDOWS\System32\KERNELBASE.dll
0x00007fff73ab0000 - 0x00007fff73b41000 	C:\WINDOWS\SYSTEM32\apphelp.dll
0x00007fff76d50000 - 0x00007fff76e60000 	C:\WINDOWS\System32\ucrtbase.dll
0x00007fff6a910000 - 0x00007fff6a927000 	C:\Program Files\JetBrains\IntelliJ IDEA 2020.2.2\jbr\bin\VCRUNTIME140.dll
0x00007fff6a930000 - 0x00007fff6a949000 	C:\Program Files\JetBrains\IntelliJ IDEA 2020.2.2\jbr\bin\jli.dll
0x00007fff78e30000 - 0x00007fff78fd6000 	C:\WINDOWS\System32\USER32.dll
0x00007fff5f420000 - 0x00007fff5f6c5000 	C:\WINDOWS\WinSxS\amd64_microsoft.windows.common-controls_6595b64144ccf1df_6.0.21301.1000_none_5972c00cdca7e1b4\COMCTL32.dll
0x00007fff76f80000 - 0x00007fff76fa6000 	C:\WINDOWS\System32\win32u.dll
0x00007fff77410000 - 0x00007fff774b3000 	C:\WINDOWS\System32\msvcrt.dll
0x00007fff773e0000 - 0x00007fff77409000 	C:\WINDOWS\System32\GDI32.dll
0x00007fff76e60000 - 0x00007fff76f71000 	C:\WINDOWS\System32\gdi32full.dll
0x00007fff76690000 - 0x00007fff76730000 	C:\WINDOWS\System32\msvcp_win.dll
0x00007fff78210000 - 0x00007fff78241000 	C:\WINDOWS\System32\IMM32.DLL
0x00007fff538d0000 - 0x00007fff5396d000 	C:\Program Files\JetBrains\IntelliJ IDEA 2020.2.2\jbr\bin\msvcp140.dll
0x00007fff29430000 - 0x00007fff29efe000 	C:\Program Files\JetBrains\IntelliJ IDEA 2020.2.2\jbr\bin\server\jvm.dll
0x00007fff78d80000 - 0x00007fff78e2c000 	C:\WINDOWS\System32\ADVAPI32.dll
0x00007fff77980000 - 0x00007fff77a1e000 	C:\WINDOWS\System32\sechost.dll
0x00007fff77080000 - 0x00007fff771a5000 	C:\WINDOWS\System32\RPCRT4.dll
0x00007fff77d20000 - 0x00007fff77d28000 	C:\WINDOWS\System32\PSAPI.DLL
0x00007fff5da70000 - 0x00007fff5da79000 	C:\WINDOWS\SYSTEM32\WSOCK32.dll
0x00007fff70470000 - 0x00007fff70497000 	C:\WINDOWS\SYSTEM32\WINMM.dll
0x00007fff6fe20000 - 0x00007fff6fe2a000 	C:\WINDOWS\SYSTEM32\VERSION.dll
0x00007fff781a0000 - 0x00007fff78210000 	C:\WINDOWS\System32\WS2_32.dll
0x00007fff75840000 - 0x00007fff75857000 	C:\WINDOWS\SYSTEM32\kernel.appcore.dll
0x00007fff73a40000 - 0x00007fff73a51000 	C:\Program Files\JetBrains\IntelliJ IDEA 2020.2.2\jbr\bin\verify.dll
0x00007fff745b0000 - 0x00007fff747db000 	C:\WINDOWS\SYSTEM32\DBGHELP.DLL
0x00007fff5f840000 - 0x00007fff5f870000 	C:\WINDOWS\SYSTEM32\dbgcore.DLL
0x00007fff76610000 - 0x00007fff76689000 	C:\WINDOWS\System32\bcryptPrimitives.dll
0x00007fff72c90000 - 0x00007fff72cb9000 	C:\Program Files\JetBrains\IntelliJ IDEA 2020.2.2\jbr\bin\java.dll
0x00007fff73a30000 - 0x00007fff73a3b000 	C:\Program Files\JetBrains\IntelliJ IDEA 2020.2.2\jbr\bin\jimage.dll
0x00007fff73960000 - 0x00007fff73978000 	C:\Program Files\JetBrains\IntelliJ IDEA 2020.2.2\jbr\bin\zip.dll

dbghelp: loaded successfully - version: 4.0.5 - missing functions: none
symbol engine: initialized successfully - sym options: 0x614 - pdb path: .;C:\Program Files\JetBrains\IntelliJ IDEA 2020.2.2\jbr\bin;C:\WINDOWS\SYSTEM32;C:\WINDOWS\WinSxS\amd64_microsoft.windows.common-controls_6595b64144ccf1df_6.0.21301.1000_none_5972c00cdca7e1b4;C:\Program Files\JetBrains\IntelliJ IDEA 2020.2.2\jbr\bin\server

VM Arguments:
jvm_args: -Djava.rmi.server.hostname=127.0.0.1 -Duser.timezone=UTC -Xmx8192m -Xms4096m -Dfile.encoding=UTF-8 
java_command: com.intellij.database.remote.RemoteJdbcServer oracle.jdbc.OracleDriver
java_class_path (initial): C:\Program Files\JetBrains\IntelliJ IDEA 2020.2.2\lib\util.jar;C:\Program Files\JetBrains\IntelliJ IDEA 2020.2.2\lib\trove4j.jar;C:\Program Files\JetBrains\IntelliJ IDEA 2020.2.2\lib\groovy-2.5.11.jar;C:\Program Files\JetBrains\IntelliJ IDEA 2020.2.2\plugins\DatabaseTools\lib\jdbc-console.jar;C:\Users\snk39\AppData\Roaming\JetBrains\IntelliJIdea2020.3\jdbc-drivers\Oracle\19.8.0.0\ojdbc8.jar;C:\Users\snk39\AppData\Roaming\JetBrains\IntelliJIdea2020.3\jdbc-drivers\Oracle\19.8.0.0\xdb6.jar;C:\Users\snk39\AppData\Roaming\JetBrains\IntelliJIdea2020.3\jdbc-drivers\Oracle\19.8.0.0\orai18n.jar;C:\Users\snk39\AppData\Roaming\JetBrains\IntelliJIdea2020.3\jdbc-drivers\Oracle\19.8.0.0\xmlparserv2.jar
Launcher Type: SUN_STANDARD

[Global flags]
     intx CICompilerCount                          = 4                                         {product} {ergonomic}
     uint ConcGCThreads                            = 3                                         {product} {ergonomic}
     uint G1ConcRefinementThreads                  = 10                                        {product} {ergonomic}
   size_t G1HeapRegionSize                         = 2097152                                   {product} {ergonomic}
    uintx GCDrainStackTargetSize                   = 64                                        {product} {ergonomic}
   size_t InitialHeapSize                          = 4294967296                                {product} {command line}
   size_t MarkStackSize                            = 4194304                                   {product} {ergonomic}
   size_t MaxHeapSize                              = 8589934592                                {product} {command line}
   size_t MinHeapDeltaBytes                        = 2097152                                   {product} {ergonomic}
    uintx NonNMethodCodeHeapSize                   = 5836300                                {pd product} {ergonomic}
    uintx NonProfiledCodeHeapSize                  = 122910970                              {pd product} {ergonomic}
    uintx ProfiledCodeHeapSize                     = 122910970                              {pd product} {ergonomic}
    uintx ReservedCodeCacheSize                    = 251658240                              {pd product} {ergonomic}
     bool SegmentedCodeCache                       = true                                      {product} {ergonomic}
     bool UseCompressedClassPointers               = true                                 {lp64_product} {ergonomic}
     bool UseCompressedOops                        = true                                 {lp64_product} {ergonomic}
     bool UseG1GC                                  = true                                      {product} {ergonomic}
     bool UseLargePagesIndividualAllocation        = false                                  {pd product} {ergonomic}

Logging:
Log output configuration:
 #0: stdout all=warning uptime,level,tags
 #1: stderr all=off uptime,level,tags

Environment Variables:
JAVA_HOME=C:\Program Files\Java\jdk1.8.0_251
PATH=D:\dev\Oracle\instantclient_11_2;D:\dev\app\product\11.2.0\dbhome_1\bin;C:\Program Files\Java\jdk1.8.0_251\bin;D:\dev\apache-tomcat-9.0.36\bin;C:\Program Files\NVIDIA GPU Computing Toolkit\CUDA\v9.0\bin;C:\Program Files\NVIDIA GPU Computing Toolkit\CUDA\v9.0\libnvvp;C:\Program Files (x86)\Common Files\Oracle\Java\javapath;C:\WINDOWS\system32;C:\WINDOWS;C:\WINDOWS\System32\Wbem;C:\WINDOWS\System32\WindowsPowerShell\v1.0\;C:\WINDOWS\System32\OpenSSH\;C:\Program Files\NVIDIA Corporation\NVIDIA NvDLISR;C:\Program Files (x86)\NVIDIA Corporation\PhysX\Common;C:\Program Files\Git\cmd;C:\Program Files\nodejs\;C:\Program Files\dotnet\;C:\WINDOWS\system32;C:\WINDOWS;C:\WINDOWS\System32\Wbem;C:\WINDOWS\System32\WindowsPowerShell\v1.0\;C:\WINDOWS\System32\OpenSSH\;C:\Users\snk39\AppData\Local\Programs\Python\Python37-32\Scripts\;C:\Users\snk39\AppData\Local\Programs\Python\Python37-32\;C:\Users\snk39\AppData\Local\Microsoft\WindowsApps;C:\Program Files\JetBrains\PyCharm Community Edition 2019.3.1\bin;C:\Program Files\JetBrains\PyCharm Community Edition 2020.1.3\bin;C:\Users\snk39\AppData\Roaming\npm;C:\Program Files\Bandizip\;C:\Program Files\JetBrains\IntelliJ IDEA 2020.2.2\bin;C:\Users\snk39\AppData\Local\Programs\Fiddler;C:\Users\snk39\AppData\Local\Microsoft\WindowsApps
USERNAME=snk39
OS=Windows_NT
PROCESSOR_IDENTIFIER=Intel64 Family 6 Model 158 Stepping 10, GenuineIntel



---------------  S Y S T E M  ---------------

OS: Windows 10 , 64 bit Build 21301 (10.0.21301.1000)
OS uptime: 1 days 2:40 hours

CPU:total 12 (initial active 12) (6 cores per cpu, 2 threads per core) family 6 model 158 stepping 10, cmov, cx8, fxsr, mmx, sse, sse2, sse3, ssse3, sse4.1, sse4.2, popcnt, avx, avx2, aes, clmul, erms, rtm, 3dnowpref, lzcnt, ht, tsc, tscinvbit, bmi1, bmi2, adx, fma

Memory: 4k page, system-wide physical 16241M (5088M free)
TotalPageFile size 31365M (AvailPageFile size 4310M)
current process WorkingSet (physical memory assigned to process): 11M, peak: 11M
current process commit charge ("private bytes"): 64M, peak: 4168M

vm_info: OpenJDK 64-Bit Server VM (11.0.9.1+11-b1145.77) for windows-amd64 JRE (11.0.9.1+11-b1145.77), built on Jan 16 2021 05:14:13 by "" with MS VC++ 14.0 (VS2015)

END.
