#
# There is insufficient memory for the Java Runtime Environment to continue.
# Native memory allocation (malloc) failed to allocate 32744 bytes for ChunkPool::allocate
# Possible reasons:
#   The system is out of physical RAM or swap space
#   The process is running with CompressedOops enabled, and the Java Heap may be blocking the growth of the native heap
# Possible solutions:
#   Reduce memory load on the system
#   Increase physical memory or swap space
#   Check if swap backing store is full
#   Decrease Java heap size (-Xmx/-Xms)
#   Decrease number of Java threads
#   Decrease Java thread stack sizes (-Xss)
#   Set larger code cache with -XX:ReservedCodeCacheSize=
#   JVM is running with Zero Based Compressed Oops mode in which the Java heap is
#     placed in the first 32GB address space. The Java Heap base address is the
#     maximum limit for the native heap growth. Please use -XX:HeapBaseMinAddress
#     to set the Java Heap base and to place the Java Heap above 32GB virtual address.
# This output file may be truncated or incomplete.
#
#  Out of Memory Error (allocation.cpp:272), pid=6492, tid=0x0000000000006680
#
# JRE version: Java(TM) SE Runtime Environment (8.0_251-b08) (build 1.8.0_251-b08)
# Java VM: Java HotSpot(TM) 64-Bit Server VM (25.251-b08 mixed mode windows-amd64 compressed oops)
# Failed to write core dump. Minidumps are not enabled by default on client versions of Windows
#

---------------  T H R E A D  ---------------

Current thread (0x000000002072b000):  JavaThread "C1 CompilerThread3" daemon [_thread_in_native, id=26240, stack(0x0000000020fd0000,0x00000000210d0000)]

Stack: [0x0000000020fd0000,0x00000000210d0000]
[error occurred during error reporting (printing stack bounds), id 0xc0000005]

Native frames: (J=compiled Java code, j=interpreted, Vv=VM code, C=native code)


Current CompileTask:
C1:  57139 6576   !   1       sun.misc.FloatingDecimal::readJavaFormatString (794 bytes)


---------------  P R O C E S S  ---------------

Java Threads: ( => current thread )
  0x0000000026f0f000 JavaThread "RMI TCP Connection(idle)" daemon [_thread_blocked, id=5920, stack(0x0000000022880000,0x0000000022980000)]
  0x0000000026f16000 JavaThread "DestroyJavaVM" [_thread_blocked, id=29352, stack(0x0000000003560000,0x0000000003660000)]
  0x0000000026f0e800 JavaThread "pool-1-thread-1" [_thread_blocked, id=25056, stack(0x0000000029020000,0x0000000029120000)]
  0x0000000026f15000 JavaThread "http-nio-8080-Acceptor" daemon [_thread_in_native, id=15292, stack(0x0000000028f20000,0x0000000029020000)]
  0x0000000026f0d800 JavaThread "http-nio-8080-ClientPoller" daemon [_thread_in_native, id=29468, stack(0x0000000028e20000,0x0000000028f20000)]
  0x0000000026f10000 JavaThread "http-nio-8080-exec-10" daemon [_thread_blocked, id=24344, stack(0x0000000028d20000,0x0000000028e20000)]
  0x0000000026f13800 JavaThread "http-nio-8080-exec-9" daemon [_thread_blocked, id=16432, stack(0x0000000028c20000,0x0000000028d20000)]
  0x0000000026f13000 JavaThread "http-nio-8080-exec-8" daemon [_thread_blocked, id=4204, stack(0x0000000028b20000,0x0000000028c20000)]
  0x0000000026f11800 JavaThread "http-nio-8080-exec-7" daemon [_thread_blocked, id=27260, stack(0x0000000028a20000,0x0000000028b20000)]
  0x0000000026f14800 JavaThread "http-nio-8080-exec-6" daemon [_thread_blocked, id=22064, stack(0x0000000028920000,0x0000000028a20000)]
  0x0000000026f12000 JavaThread "http-nio-8080-exec-5" daemon [_thread_blocked, id=4376, stack(0x0000000028820000,0x0000000028920000)]
  0x0000000024f0e000 JavaThread "http-nio-8080-exec-4" daemon [_thread_blocked, id=28064, stack(0x0000000028720000,0x0000000028820000)]
  0x0000000024f0b000 JavaThread "http-nio-8080-exec-3" daemon [_thread_blocked, id=25396, stack(0x0000000028620000,0x0000000028720000)]
  0x0000000024f0a800 JavaThread "http-nio-8080-exec-2" daemon [_thread_blocked, id=28288, stack(0x0000000028520000,0x0000000028620000)]
  0x0000000024f08000 JavaThread "http-nio-8080-exec-1" daemon [_thread_blocked, id=28280, stack(0x0000000028420000,0x0000000028520000)]
  0x0000000024f0d800 JavaThread "http-nio-8080-BlockPoller" daemon [_thread_in_native, id=29616, stack(0x0000000028020000,0x0000000028120000)]
  0x0000000024f09800 JavaThread "Live Reload Server" daemon [_thread_in_native, id=26780, stack(0x0000000028120000,0x0000000028220000)]
  0x0000000024f0c800 JavaThread "File Watcher" daemon [_thread_blocked, id=18220, stack(0x0000000027f20000,0x0000000028020000)]
  0x0000000024f09000 JavaThread "container-0" [_thread_blocked, id=27492, stack(0x0000000026c50000,0x0000000026d50000)]
  0x0000000024f07800 JavaThread "Catalina-utility-2" [_thread_blocked, id=27900, stack(0x0000000026950000,0x0000000026a50000)]
  0x0000000024f0c000 JavaThread "Catalina-utility-1" [_thread_blocked, id=29504, stack(0x0000000026850000,0x0000000026950000)]
  0x0000000024653000 JavaThread "HikariPool-1 housekeeper" daemon [_thread_blocked, id=7872, stack(0x0000000025850000,0x0000000025950000)]
  0x00000000244a7000 JavaThread "InterruptTimer" daemon [_thread_blocked, id=28084, stack(0x0000000025550000,0x0000000025650000)]
  0x00000000244a6000 JavaThread "oracle.jdbc.driver.BlockSource.ThreadedCachingBlockSource.BlockReleaser" daemon [_thread_blocked, id=17692, stack(0x0000000023480000,0x0000000023580000)]
  0x00000000244a3800 JavaThread "Timer-0" daemon [_thread_blocked, id=28476, stack(0x0000000022d80000,0x0000000022e80000)]
  0x0000000021e07000 JavaThread "RMI Scheduler(0)" daemon [_thread_blocked, id=29432, stack(0x0000000023880000,0x0000000023980000)]
  0x0000000021d6a800 JavaThread "RMI TCP Connection(idle)" daemon [_thread_blocked, id=18756, stack(0x0000000023580000,0x0000000023680000)]
  0x0000000020a36000 JavaThread "RMI TCP Accept-0" daemon [_thread_in_native, id=18960, stack(0x00000000211d0000,0x00000000212d0000)]
  0x00000000207cd800 JavaThread "Service Thread" daemon [_thread_blocked, id=25404, stack(0x00000000210d0000,0x00000000211d0000)]
=>0x000000002072b000 JavaThread "C1 CompilerThread3" daemon [_thread_in_native, id=26240, stack(0x0000000020fd0000,0x00000000210d0000)]
  0x0000000020720000 JavaThread "C2 CompilerThread2" daemon [_thread_blocked, id=8636, stack(0x0000000020ed0000,0x0000000020fd0000)]
  0x000000002071f800 JavaThread "C2 CompilerThread1" daemon [_thread_blocked, id=24636, stack(0x0000000020dd0000,0x0000000020ed0000)]
  0x00000000206f6000 JavaThread "C2 CompilerThread0" daemon [_thread_blocked, id=9376, stack(0x0000000020cd0000,0x0000000020dd0000)]
  0x000000001ec7e000 JavaThread "JDWP Command Reader" daemon [_thread_in_native, id=29516, stack(0x00000000203d0000,0x00000000204d0000)]
  0x000000001ec77800 JavaThread "JDWP Event Helper Thread" daemon [_thread_blocked, id=29108, stack(0x00000000202d0000,0x00000000203d0000)]
  0x000000001ec6a000 JavaThread "JDWP Transport Listener: dt_socket" daemon [_thread_blocked, id=18848, stack(0x00000000201d0000,0x00000000202d0000)]
  0x000000001ec5e800 JavaThread "Attach Listener" daemon [_thread_blocked, id=28992, stack(0x00000000200d0000,0x00000000201d0000)]
  0x000000001ec0c000 JavaThread "Signal Dispatcher" daemon [_thread_blocked, id=28312, stack(0x000000001ffd0000,0x00000000200d0000)]
  0x000000001d4f7000 JavaThread "Finalizer" daemon [_thread_blocked, id=26692, stack(0x000000001fe40000,0x000000001ff40000)]
  0x000000001d4f0800 JavaThread "Reference Handler" daemon [_thread_blocked, id=21336, stack(0x000000001fd40000,0x000000001fe40000)]

Other Threads:
  0x000000001d4e6800 VMThread [stack: 0x000000001fc40000,0x000000001fd40000] [id=24084]
  0x0000000020a41000 WatcherThread [stack: 0x00000000212d0000,0x00000000213d0000] [id=28068]

VM state:not at safepoint (normal execution)

VM Mutex/Monitor currently owned by a thread: None

heap address: 0x00000006c2200000, size: 4062 MB, Compressed Oops mode: Zero based, Oop shift amount: 3
Narrow klass base: 0x0000000000000000, Narrow klass shift: 3
Compressed class space size: 1073741824 Address: 0x00000007c0000000

Heap:
 PSYoungGen      total 404480K, used 277672K [0x000000076b600000, 0x000000078a780000, 0x00000007c0000000)
  eden space 390656K, 71% used [0x000000076b600000,0x000000077c52a2c0,0x0000000783380000)
  from space 13824K, 0% used [0x0000000783380000,0x0000000783380000,0x0000000784100000)
  to   space 20480K, 0% used [0x0000000789380000,0x0000000789380000,0x000000078a780000)
 ParOldGen       total 203264K, used 37135K [0x00000006c2200000, 0x00000006ce880000, 0x000000076b600000)
  object space 203264K, 18% used [0x00000006c2200000,0x00000006c4643f00,0x00000006ce880000)
 Metaspace       used 67280K, capacity 71200K, committed 71552K, reserved 1110016K
  class space    used 9315K, capacity 9997K, committed 10112K, reserved 1048576K

Card table byte_map: [0x0000000012ce0000,0x00000000134d0000] byte_map_base: 0x000000000f6cf000

Marking Bits: (ParMarkBitMap*) 0x000000005be8af90
 Begin Bits: [0x0000000014420000, 0x0000000018398000)
 End Bits:   [0x0000000018398000, 0x000000001c310000)

Polling page: 0x0000000001800000

CodeCache: size=245760Kb used=11970Kb max_used=11970Kb free=233789Kb
 bounds [0x0000000003920000, 0x00000000044e0000, 0x0000000012920000]
 total_blobs=7073 nmethods=6441 adapters=550
 compilation: enabled

Compilation events (10 events):
Event: 56.850 Thread 0x000000002072b000 nmethod 6570 0x00000000044d4610 code [0x00000000044d4760, 0x00000000044d4870]
Event: 56.850 Thread 0x000000002072b000 6571       1       com.fasterxml.jackson.databind.util.TypeKey::getType (5 bytes)
Event: 56.851 Thread 0x000000002072b000 nmethod 6571 0x00000000044d48d0 code [0x00000000044d4a20, 0x00000000044d4b30]
Event: 57.129 Thread 0x000000002072b000 6572       1       sun.nio.ch.SelectionKeyImpl::readyOps (9 bytes)
Event: 57.129 Thread 0x000000002072b000 nmethod 6572 0x00000000044d4b90 code [0x00000000044d4d00, 0x00000000044d4e88]
Event: 57.129 Thread 0x000000002072b000 6573       1       org.apache.coyote.AbstractProtocol$ConnectionHandler::getLog (8 bytes)
Event: 57.129 Thread 0x000000002072b000 nmethod 6573 0x00000000044d4f90 code [0x00000000044d50e0, 0x00000000044d5228]
Event: 57.129 Thread 0x000000002072b000 6574   !   1       java.io.BufferedWriter::flushBuffer (53 bytes)
Event: 57.130 Thread 0x000000002072b000 nmethod 6574 0x00000000044d52d0 code [0x00000000044d5460, 0x00000000044d58b8]
Event: 57.130 Thread 0x000000002072b000 6576   !   1       sun.misc.FloatingDecimal::readJavaFormatString (794 bytes)

GC Heap History (10 events):
Event: 2.594 GC heap before
{Heap before GC invocations=8 (full 1):
 PSYoungGen      total 239104K, used 146685K [0x000000076b600000, 0x000000077c580000, 0x00000007c0000000)
  eden space 230912K, 60% used [0x000000076b600000,0x0000000773d71330,0x0000000779780000)
  from space 8192K, 97% used [0x000000077bd80000,0x000000077c54e418,0x000000077c580000)
  to   space 10240K, 0% used [0x000000077b180000,0x000000077b180000,0x000000077bb80000)
 ParOldGen       total 84480K, used 6488K [0x00000006c2200000, 0x00000006c7480000, 0x000000076b600000)
  object space 84480K, 7% used [0x00000006c2200000,0x00000006c2856350,0x00000006c7480000)
 Metaspace       used 33212K, capacity 35388K, committed 35456K, reserved 1079296K
  class space    used 4579K, capacity 4972K, committed 4992K, reserved 1048576K
Event: 2.602 GC heap after
Heap after GC invocations=8 (full 1):
 PSYoungGen      total 267776K, used 10234K [0x000000076b600000, 0x0000000785800000, 0x00000007c0000000)
  eden space 257536K, 0% used [0x000000076b600000,0x000000076b600000,0x000000077b180000)
  from space 10240K, 99% used [0x000000077b180000,0x000000077bb7eb98,0x000000077bb80000)
  to   space 13824K, 0% used [0x0000000784a80000,0x0000000784a80000,0x0000000785800000)
 ParOldGen       total 84480K, used 10767K [0x00000006c2200000, 0x00000006c7480000, 0x000000076b600000)
  object space 84480K, 12% used [0x00000006c2200000,0x00000006c2c83d18,0x00000006c7480000)
 Metaspace       used 33212K, capacity 35388K, committed 35456K, reserved 1079296K
  class space    used 4579K, capacity 4972K, committed 4992K, reserved 1048576K
}
Event: 2.602 GC heap before
{Heap before GC invocations=9 (full 2):
 PSYoungGen      total 267776K, used 10234K [0x000000076b600000, 0x0000000785800000, 0x00000007c0000000)
  eden space 257536K, 0% used [0x000000076b600000,0x000000076b600000,0x000000077b180000)
  from space 10240K, 99% used [0x000000077b180000,0x000000077bb7eb98,0x000000077bb80000)
  to   space 13824K, 0% used [0x0000000784a80000,0x0000000784a80000,0x0000000785800000)
 ParOldGen       total 84480K, used 10767K [0x00000006c2200000, 0x00000006c7480000, 0x000000076b600000)
  object space 84480K, 12% used [0x00000006c2200000,0x00000006c2c83d18,0x00000006c7480000)
 Metaspace       used 33212K, capacity 35388K, committed 35456K, reserved 1079296K
  class space    used 4579K, capacity 4972K, committed 4992K, reserved 1048576K
Event: 2.674 GC heap after
Heap after GC invocations=9 (full 2):
 PSYoungGen      total 267776K, used 0K [0x000000076b600000, 0x0000000785800000, 0x00000007c0000000)
  eden space 257536K, 0% used [0x000000076b600000,0x000000076b600000,0x000000077b180000)
  from space 10240K, 0% used [0x000000077b180000,0x000000077b180000,0x000000077bb80000)
  to   space 13824K, 0% used [0x0000000784a80000,0x0000000784a80000,0x0000000785800000)
 ParOldGen       total 138240K, used 19372K [0x00000006c2200000, 0x00000006ca900000, 0x000000076b600000)
  object space 138240K, 14% used [0x00000006c2200000,0x00000006c34eb138,0x00000006ca900000)
 Metaspace       used 33212K, capacity 35388K, committed 35456K, reserved 1079296K
  class space    used 4579K, capacity 4972K, committed 4992K, reserved 1048576K
}
Event: 3.213 GC heap before
{Heap before GC invocations=10 (full 2):
 PSYoungGen      total 267776K, used 257536K [0x000000076b600000, 0x0000000785800000, 0x00000007c0000000)
  eden space 257536K, 100% used [0x000000076b600000,0x000000077b180000,0x000000077b180000)
  from space 10240K, 0% used [0x000000077b180000,0x000000077b180000,0x000000077bb80000)
  to   space 13824K, 0% used [0x0000000784a80000,0x0000000784a80000,0x0000000785800000)
 ParOldGen       total 138240K, used 19372K [0x00000006c2200000, 0x00000006ca900000, 0x000000076b600000)
  object space 138240K, 14% used [0x00000006c2200000,0x00000006c34eb138,0x00000006ca900000)
 Metaspace       used 36331K, capacity 38652K, committed 39040K, reserved 1083392K
  class space    used 4963K, capacity 5414K, committed 5504K, reserved 1048576K
Event: 3.219 GC heap after
Heap after GC invocations=10 (full 2):
 PSYoungGen      total 379904K, used 4008K [0x000000076b600000, 0x0000000784e80000, 0x00000007c0000000)
  eden space 375808K, 0% used [0x000000076b600000,0x000000076b600000,0x0000000782500000)
  from space 4096K, 97% used [0x0000000784a80000,0x0000000784e6a158,0x0000000784e80000)
  to   space 13824K, 0% used [0x0000000783380000,0x0000000783380000,0x0000000784100000)
 ParOldGen       total 138240K, used 19380K [0x00000006c2200000, 0x00000006ca900000, 0x000000076b600000)
  object space 138240K, 14% used [0x00000006c2200000,0x00000006c34ed138,0x00000006ca900000)
 Metaspace       used 36331K, capacity 38652K, committed 39040K, reserved 1083392K
  class space    used 4963K, capacity 5414K, committed 5504K, reserved 1048576K
}
Event: 4.714 GC heap before
{Heap before GC invocations=11 (full 2):
 PSYoungGen      total 379904K, used 275782K [0x000000076b600000, 0x0000000784e80000, 0x00000007c0000000)
  eden space 375808K, 72% used [0x000000076b600000,0x000000077bf67710,0x0000000782500000)
  from space 4096K, 97% used [0x0000000784a80000,0x0000000784e6a158,0x0000000784e80000)
  to   space 13824K, 0% used [0x0000000783380000,0x0000000783380000,0x0000000784100000)
 ParOldGen       total 138240K, used 19380K [0x00000006c2200000, 0x00000006ca900000, 0x000000076b600000)
  object space 138240K, 14% used [0x00000006c2200000,0x00000006c34ed138,0x00000006ca900000)
 Metaspace       used 56018K, capacity 59046K, committed 59096K, reserved 1099776K
  class space    used 7746K, capacity 8299K, committed 8320K, reserved 1048576K
Event: 4.728 GC heap after
Heap after GC invocations=11 (full 2):
 PSYoungGen      total 404480K, used 13823K [0x000000076b600000, 0x000000078a780000, 0x00000007c0000000)
  eden space 390656K, 0% used [0x000000076b600000,0x000000076b600000,0x0000000783380000)
  from space 13824K, 99% used [0x0000000783380000,0x00000007840ffe18,0x0000000784100000)
  to   space 20480K, 0% used [0x0000000789380000,0x0000000789380000,0x000000078a780000)
 ParOldGen       total 138240K, used 31112K [0x00000006c2200000, 0x00000006ca900000, 0x000000076b600000)
  object space 138240K, 22% used [0x00000006c2200000,0x00000006c4062048,0x00000006ca900000)
 Metaspace       used 56018K, capacity 59046K, committed 59096K, reserved 1099776K
  class space    used 7746K, capacity 8299K, committed 8320K, reserved 1048576K
}
Event: 4.728 GC heap before
{Heap before GC invocations=12 (full 3):
 PSYoungGen      total 404480K, used 13823K [0x000000076b600000, 0x000000078a780000, 0x00000007c0000000)
  eden space 390656K, 0% used [0x000000076b600000,0x000000076b600000,0x0000000783380000)
  from space 13824K, 99% used [0x0000000783380000,0x00000007840ffe18,0x0000000784100000)
  to   space 20480K, 0% used [0x0000000789380000,0x0000000789380000,0x000000078a780000)
 ParOldGen       total 138240K, used 31112K [0x00000006c2200000, 0x00000006ca900000, 0x000000076b600000)
  object space 138240K, 22% used [0x00000006c2200000,0x00000006c4062048,0x00000006ca900000)
 Metaspace       used 56018K, capacity 59046K, committed 59096K, reserved 1099776K
  class space    used 7746K, capacity 8299K, committed 8320K, reserved 1048576K
Event: 4.829 GC heap after
Heap after GC invocations=12 (full 3):
 PSYoungGen      total 404480K, used 0K [0x000000076b600000, 0x000000078a780000, 0x00000007c0000000)
  eden space 390656K, 0% used [0x000000076b600000,0x000000076b600000,0x0000000783380000)
  from space 13824K, 0% used [0x0000000783380000,0x0000000783380000,0x0000000784100000)
  to   space 20480K, 0% used [0x0000000789380000,0x0000000789380000,0x000000078a780000)
 ParOldGen       total 203264K, used 37135K [0x00000006c2200000, 0x00000006ce880000, 0x000000076b600000)
  object space 203264K, 18% used [0x00000006c2200000,0x00000006c4643f00,0x00000006ce880000)
 Metaspace       used 56018K, capacity 59046K, committed 59096K, reserved 1099776K
  class space    used 7746K, capacity 8299K, committed 8320K, reserved 1048576K
}

Deoptimization events (0 events):
No events

Classes redefined (0 events):
No events

Internal exceptions (10 events):
Event: 39.556 Thread 0x0000000024f08000 Exception <a 'java/lang/ArrayIndexOutOfBoundsException'> (0x0000000778bbb160) thrown at [C:\jenkins\workspace\8-2-build-windows-amd64-cygwin\jdk8u251\737\hotspot\src\share\vm\runtime\sharedRuntime.cpp, line 605]
Event: 39.596 Thread 0x0000000024f08000 Exception <a 'java/lang/ArrayIndexOutOfBoundsException'> (0x0000000778ff97b8) thrown at [C:\jenkins\workspace\8-2-build-windows-amd64-cygwin\jdk8u251\737\hotspot\src\share\vm\runtime\sharedRuntime.cpp, line 605]
Event: 40.629 Thread 0x0000000024f0a800 Exception <a 'java/lang/ArrayIndexOutOfBoundsException'> (0x0000000779b8ec68) thrown at [C:\jenkins\workspace\8-2-build-windows-amd64-cygwin\jdk8u251\737\hotspot\src\share\vm\runtime\sharedRuntime.cpp, line 605]
Event: 40.629 Thread 0x0000000024f0a800 Exception <a 'java/lang/ArrayIndexOutOfBoundsException'> (0x0000000779b91610) thrown at [C:\jenkins\workspace\8-2-build-windows-amd64-cygwin\jdk8u251\737\hotspot\src\share\vm\runtime\sharedRuntime.cpp, line 605]
Event: 40.629 Thread 0x0000000024f0a800 Exception <a 'java/lang/ArrayIndexOutOfBoundsException'> (0x0000000779b939a8) thrown at [C:\jenkins\workspace\8-2-build-windows-amd64-cygwin\jdk8u251\737\hotspot\src\share\vm\runtime\sharedRuntime.cpp, line 605]
Event: 40.630 Thread 0x0000000024f0a800 Exception <a 'java/lang/ArrayIndexOutOfBoundsException'> (0x0000000779b96658) thrown at [C:\jenkins\workspace\8-2-build-windows-amd64-cygwin\jdk8u251\737\hotspot\src\share\vm\runtime\sharedRuntime.cpp, line 605]
Event: 40.692 Thread 0x0000000026f10000 Exception <a 'java/lang/ArrayIndexOutOfBoundsException'> (0x000000077abb3020) thrown at [C:\jenkins\workspace\8-2-build-windows-amd64-cygwin\jdk8u251\737\hotspot\src\share\vm\runtime\sharedRuntime.cpp, line 605]
Event: 49.070 Thread 0x0000000026f14800 Exception <a 'java/lang/ArrayIndexOutOfBoundsException'> (0x000000077b2490f0) thrown at [C:\jenkins\workspace\8-2-build-windows-amd64-cygwin\jdk8u251\737\hotspot\src\share\vm\runtime\sharedRuntime.cpp, line 605]
Event: 49.310 Thread 0x0000000026f10000 Exception <a 'java/lang/ArrayIndexOutOfBoundsException'> (0x000000077add5090) thrown at [C:\jenkins\workspace\8-2-build-windows-amd64-cygwin\jdk8u251\737\hotspot\src\share\vm\runtime\sharedRuntime.cpp, line 605]
Event: 49.606 Thread 0x0000000026f12000 Exception <a 'java/lang/ArrayIndexOutOfBoundsException'> (0x000000077bbb0e08) thrown at [C:\jenkins\workspace\8-2-build-windows-amd64-cygwin\jdk8u251\737\hotspot\src\share\vm\runtime\sharedRuntime.cpp, line 605]

Events (10 events):
Event: 56.835 loading class org/springframework/web/servlet/handler/AbstractHandlerMapping$PreFlightHandler
Event: 56.835 loading class org/springframework/web/servlet/handler/AbstractHandlerMapping$PreFlightHandler done
Event: 56.835 Thread 0x0000000024f0b000 DEOPT PACKING pc=0x0000000003b1d711 sp=0x000000002871be70
Event: 56.835 Thread 0x0000000024f0b000 DEOPT UNPACKING pc=0x0000000003967890 sp=0x000000002871bbc0 mode 1
Event: 56.835 Thread 0x0000000024f0b000 DEOPT PACKING pc=0x0000000003b7df84 sp=0x000000002871bef0
Event: 56.835 Thread 0x0000000024f0b000 DEOPT UNPACKING pc=0x0000000003967890 sp=0x000000002871bd10 mode 1
Event: 56.835 Thread 0x0000000024f0b000 DEOPT PACKING pc=0x0000000003b7decc sp=0x000000002871c080
Event: 56.835 Thread 0x0000000024f0b000 DEOPT UNPACKING pc=0x0000000003967890 sp=0x000000002871bea0 mode 1
Event: 56.842 Thread 0x0000000026f16800 Thread added: 0x0000000026f16800
Event: 56.842 Thread 0x0000000026f16800 Thread exited: 0x0000000026f16800


Dynamic libraries:
0x00007ff6a93c0000 - 0x00007ff6a93f7000 	C:\Program Files\Java\jdk1.8.0_251\bin\java.exe
0x00007fff79020000 - 0x00007fff79221000 	C:\WINDOWS\SYSTEM32\ntdll.dll
0x00007fff77c00000 - 0x00007fff77cbd000 	C:\WINDOWS\System32\KERNEL32.DLL
0x00007fff768b0000 - 0x00007fff76c16000 	C:\WINDOWS\System32\KERNELBASE.dll
0x00007fff73ab0000 - 0x00007fff73b41000 	C:\WINDOWS\SYSTEM32\apphelp.dll
0x00007fff78d80000 - 0x00007fff78e2c000 	C:\WINDOWS\System32\ADVAPI32.dll
0x00007fff77410000 - 0x00007fff774b3000 	C:\WINDOWS\System32\msvcrt.dll
0x00007fff77980000 - 0x00007fff77a1e000 	C:\WINDOWS\System32\sechost.dll
0x00007fff77080000 - 0x00007fff771a5000 	C:\WINDOWS\System32\RPCRT4.dll
0x00007fff78e30000 - 0x00007fff78fd6000 	C:\WINDOWS\System32\USER32.dll
0x00007fff76f80000 - 0x00007fff76fa6000 	C:\WINDOWS\System32\win32u.dll
0x00007fff773e0000 - 0x00007fff77409000 	C:\WINDOWS\System32\GDI32.dll
0x00007fff76e60000 - 0x00007fff76f71000 	C:\WINDOWS\System32\gdi32full.dll
0x00007fff76690000 - 0x00007fff76730000 	C:\WINDOWS\System32\msvcp_win.dll
0x00007fff76d50000 - 0x00007fff76e60000 	C:\WINDOWS\System32\ucrtbase.dll
0x00007fff5f420000 - 0x00007fff5f6c5000 	C:\WINDOWS\WinSxS\amd64_microsoft.windows.common-controls_6595b64144ccf1df_6.0.21301.1000_none_5972c00cdca7e1b4\COMCTL32.dll
0x00007fff78210000 - 0x00007fff78241000 	C:\WINDOWS\System32\IMM32.DLL
0x000000005d510000 - 0x000000005d5e2000 	C:\Program Files\Java\jdk1.8.0_251\jre\bin\msvcr100.dll
0x000000005b660000 - 0x000000005bf0b000 	C:\Program Files\Java\jdk1.8.0_251\jre\bin\server\jvm.dll
0x00007fff77d20000 - 0x00007fff77d28000 	C:\WINDOWS\System32\PSAPI.DLL
0x00007fff5da70000 - 0x00007fff5da79000 	C:\WINDOWS\SYSTEM32\WSOCK32.dll
0x00007fff6fe20000 - 0x00007fff6fe2a000 	C:\WINDOWS\SYSTEM32\VERSION.dll
0x00007fff70470000 - 0x00007fff70497000 	C:\WINDOWS\SYSTEM32\WINMM.dll
0x00007fff781a0000 - 0x00007fff78210000 	C:\WINDOWS\System32\WS2_32.dll
0x00007fff72cc0000 - 0x00007fff72ccf000 	C:\Program Files\Java\jdk1.8.0_251\jre\bin\verify.dll
0x00007fff699e0000 - 0x00007fff69a09000 	C:\Program Files\Java\jdk1.8.0_251\jre\bin\java.dll
0x00007fff69940000 - 0x00007fff69975000 	C:\Program Files\Java\jdk1.8.0_251\jre\bin\jdwp.dll
0x00007fff6a990000 - 0x00007fff6a998000 	C:\Program Files\Java\jdk1.8.0_251\jre\bin\npt.dll
0x00007fff69910000 - 0x00007fff69933000 	C:\Program Files\Java\jdk1.8.0_251\jre\bin\instrument.dll
0x00007fff6a850000 - 0x00007fff6a866000 	C:\Program Files\Java\jdk1.8.0_251\jre\bin\zip.dll
0x00007fff78420000 - 0x00007fff78b7f000 	C:\WINDOWS\System32\SHELL32.dll
0x00007fff74800000 - 0x00007fff7504a000 	C:\WINDOWS\SYSTEM32\windows.storage.dll
0x00007fff774c0000 - 0x00007fff77834000 	C:\WINDOWS\System32\combase.dll
0x00007fff78b80000 - 0x00007fff78c6b000 	C:\WINDOWS\System32\SHCORE.dll
0x00007fff77b20000 - 0x00007fff77b7f000 	C:\WINDOWS\System32\shlwapi.dll
0x00007fff76540000 - 0x00007fff76561000 	C:\WINDOWS\SYSTEM32\profapi.dll
0x00007fff69f30000 - 0x00007fff69f39000 	C:\Program Files\Java\jdk1.8.0_251\jre\bin\dt_socket.dll
0x00007fff75c60000 - 0x00007fff75cc6000 	C:\WINDOWS\system32\mswsock.dll
0x00007fff69eb0000 - 0x00007fff69eca000 	C:\Program Files\Java\jdk1.8.0_251\jre\bin\net.dll
0x00007fff753b0000 - 0x00007fff75492000 	C:\WINDOWS\SYSTEM32\DNSAPI.dll
0x00007fff75380000 - 0x00007fff753ad000 	C:\WINDOWS\SYSTEM32\IPHLPAPI.DLL
0x00007fff78250000 - 0x00007fff78259000 	C:\WINDOWS\System32\NSI.dll
0x00007fff6fe30000 - 0x00007fff6fe3a000 	C:\Windows\System32\rasadhlp.dll
0x00007fff6be10000 - 0x00007fff6be91000 	C:\WINDOWS\System32\fwpuclnt.dll
0x00007fff69880000 - 0x00007fff6988d000 	C:\Program Files\Java\jdk1.8.0_251\jre\bin\management.dll
0x00007fff69980000 - 0x00007fff69992000 	C:\Program Files\Java\jdk1.8.0_251\jre\bin\nio.dll
0x00007fff75ea0000 - 0x00007fff75eb8000 	C:\WINDOWS\SYSTEM32\CRYPTSP.dll
0x00007fff757a0000 - 0x00007fff757d5000 	C:\WINDOWS\system32\rsaenh.dll
0x00007fff75d50000 - 0x00007fff75d7e000 	C:\WINDOWS\SYSTEM32\USERENV.dll
0x00007fff76010000 - 0x00007fff76037000 	C:\WINDOWS\SYSTEM32\bcrypt.dll
0x00007fff76610000 - 0x00007fff76689000 	C:\WINDOWS\System32\bcryptprimitives.dll
0x00007fff75ec0000 - 0x00007fff75ecc000 	C:\WINDOWS\SYSTEM32\CRYPTBASE.dll
0x00007fff6f7a0000 - 0x00007fff6f7b9000 	C:\WINDOWS\SYSTEM32\dhcpcsvc6.DLL
0x00007fff6f760000 - 0x00007fff6f77e000 	C:\WINDOWS\SYSTEM32\dhcpcsvc.DLL
0x00007fff5d360000 - 0x00007fff5d377000 	C:\WINDOWS\system32\napinsp.dll
0x00007fff5c610000 - 0x00007fff5c62b000 	C:\WINDOWS\system32\pnrpnsp.dll
0x00007fff5c2f0000 - 0x00007fff5c30f000 	C:\WINDOWS\system32\nlansp_c.dll
0x00007fff71c00000 - 0x00007fff71c15000 	C:\WINDOWS\system32\wshbth.dll
0x00007fff5d480000 - 0x00007fff5d492000 	C:\WINDOWS\System32\winrnr.dll
0x0000000180000000 - 0x0000000180285000 	D:\dev\apache-tomcat-9.0.36\bin\tcnative-1.dll
0x00007fff76740000 - 0x00007fff768ab000 	C:\WINDOWS\System32\CRYPT32.dll
0x00007fff69660000 - 0x00007fff69684000 	C:\Program Files\Java\jdk1.8.0_251\jre\bin\sunec.dll

VM Arguments:
jvm_args: -agentlib:jdwp=transport=dt_socket,address=127.0.0.1:51490,suspend=y,server=n -XX:TieredStopAtLevel=1 -Xverify:none -Dspring.devtools.restart.trigger-file=.restartTriggerFile -Dspring.output.ansi.enabled=always -javaagent:C:\Users\snk39\AppData\Local\JetBrains\IntelliJIdea2020.3\captureAgent\debugger-agent.jar -Dcom.sun.management.jmxremote -Dspring.jmx.enabled=true -Dspring.liveBeansView.mbeanDomain -Dspring.application.admin.enabled=true -Dfile.encoding=UTF-8 
java_command: io.iconic.backend.IconicApplication
java_class_path (initial): C:\Program Files\Java\jdk1.8.0_251\jre\lib\charsets.jar;C:\Program Files\Java\jdk1.8.0_251\jre\lib\deploy.jar;C:\Program Files\Java\jdk1.8.0_251\jre\lib\ext\access-bridge-64.jar;C:\Program Files\Java\jdk1.8.0_251\jre\lib\ext\cldrdata.jar;C:\Program Files\Java\jdk1.8.0_251\jre\lib\ext\dnsns.jar;C:\Program Files\Java\jdk1.8.0_251\jre\lib\ext\jaccess.jar;C:\Program Files\Java\jdk1.8.0_251\jre\lib\ext\jfxrt.jar;C:\Program Files\Java\jdk1.8.0_251\jre\lib\ext\localedata.jar;C:\Program Files\Java\jdk1.8.0_251\jre\lib\ext\nashorn.jar;C:\Program Files\Java\jdk1.8.0_251\jre\lib\ext\sunec.jar;C:\Program Files\Java\jdk1.8.0_251\jre\lib\ext\sunjce_provider.jar;C:\Program Files\Java\jdk1.8.0_251\jre\lib\ext\sunmscapi.jar;C:\Program Files\Java\jdk1.8.0_251\jre\lib\ext\sunpkcs11.jar;C:\Program Files\Java\jdk1.8.0_251\jre\lib\ext\zipfs.jar;C:\Program Files\Java\jdk1.8.0_251\jre\lib\javaws.jar;C:\Program Files\Java\jdk1.8.0_251\jre\lib\jce.jar;C:\Program Files\Java\jdk1.8.0_251\jre\lib\jfr.jar;C:\Program Files\Java\jdk1.8.0_251\jre\lib\jfxswt.jar;C:\Program Files\Java\jdk1.8.0_251\jre\lib\jsse.jar;C:\Program Files\Java\jdk1.8.0_251\jre\lib\management-agent.jar;C:\Program Files\Java\jdk1.8.0_251\jre\lib\plugin.jar;C:\Program Files\Java\jdk1.8.0_251\jre\lib\resources.jar;C:\Program Files\Java\jdk1.8.0_251\jre\lib\rt.jar;D:\dev\portfolio\iconic\target\classes;C:\Users\snk39\.m2\repository\org\springframework\boot\spring-boot-starter-data-jpa\2.4.1\spring-boot-starter-data-jpa-2.4.1.jar;C:\Users\snk39\.m2\repository\org\springframework\boot\spring-boot-starter-aop\2.4.1\spring-boot-starter-aop-2.4.1.jar;C:\Users\snk39\.m2\repository\org\aspectj\aspectjweaver\1.9.6\aspectjweaver-1.9.6.jar;C:\Users\snk39\.m2\repository\jakarta\transaction\jakarta.transaction-api\1.3.3\jakarta.transaction-api-1.3.3.jar;C:\Users\snk39\.m2\repository\jakarta\persistence\jakarta.persistence-api\2.2.3\jakarta.persistence-api-2.2.3.jar;C:\Users\snk39\.m2\repository\org\hibernate\hibe
Launcher Type: SUN_STANDARD

Environment Variables:
JAVA_HOME=C:\Program Files\Java\jdk1.8.0_251
PATH=D:\dev\Oracle\instantclient_11_2;D:\dev\app\product\11.2.0\dbhome_1\bin;C:\Program Files\Java\jdk1.8.0_251\bin;D:\dev\apache-tomcat-9.0.36\bin;C:\Program Files\NVIDIA GPU Computing Toolkit\CUDA\v9.0\bin;C:\Program Files\NVIDIA GPU Computing Toolkit\CUDA\v9.0\libnvvp;C:\Program Files (x86)\Common Files\Oracle\Java\javapath;C:\WINDOWS\system32;C:\WINDOWS;C:\WINDOWS\System32\Wbem;C:\WINDOWS\System32\WindowsPowerShell\v1.0\;C:\WINDOWS\System32\OpenSSH\;C:\Program Files\NVIDIA Corporation\NVIDIA NvDLISR;C:\Program Files (x86)\NVIDIA Corporation\PhysX\Common;C:\Program Files\Git\cmd;C:\Program Files\nodejs\;C:\Program Files\dotnet\;C:\WINDOWS\system32;C:\WINDOWS;C:\WINDOWS\System32\Wbem;C:\WINDOWS\System32\WindowsPowerShell\v1.0\;C:\WINDOWS\System32\OpenSSH\;C:\Users\snk39\AppData\Local\Programs\Python\Python37-32\Scripts\;C:\Users\snk39\AppData\Local\Programs\Python\Python37-32\;C:\Users\snk39\AppData\Local\Microsoft\WindowsApps;C:\Program Files\JetBrains\PyCharm Community Edition 2019.3.1\bin;C:\Program Files\JetBrains\PyCharm Community Edition 2020.1.3\bin;C:\Users\snk39\AppData\Roaming\npm;C:\Program Files\Bandizip\;C:\Program Files\JetBrains\IntelliJ IDEA 2020.2.2\bin;C:\Users\snk39\AppData\Local\Programs\Fiddler;C:\Users\snk39\AppData\Local\Microsoft\WindowsApps
USERNAME=snk39
OS=Windows_NT
PROCESSOR_IDENTIFIER=Intel64 Family 6 Model 158 Stepping 10, GenuineIntel



---------------  S Y S T E M  ---------------

OS: Windows 10.0 , 64 bit Build 21301 (10.0.21301.1000)

CPU:total 12 (initial active 12) (6 cores per cpu, 2 threads per core) family 6 model 158 stepping 10, cmov, cx8, fxsr, mmx, sse, sse2, sse3, ssse3, sse4.1, sse4.2, popcnt, avx, avx2, aes, clmul, erms, rtm, 3dnowpref, lzcnt, ht, tsc, tscinvbit, bmi1, bmi2, adx

Memory: 4k page, physical 16631704k(4203992k free), swap 32118248k(5128k free)

vm_info: Java HotSpot(TM) 64-Bit Server VM (25.251-b08) for windows-amd64 JRE (1.8.0_251-b08), built on Mar 12 2020 06:31:49 by "" with MS VC++ 10.0 (VS2010)

time: Sat Feb 13 20:29:04 2021
timezone: 대한민국 표준시
elapsed time: 57 seconds (0d 0h 0m 57s)

